<?xml version="1.0" encoding="UTF-8"?>
<!-- Generated by org.testng.reporters.JUnitXMLReporter -->
<testsuite hostname="DESKTOP-O6DBGU6" ignored="0" name="Surefire test" tests="10" failures="0" timestamp="09 Jan 2017 18:34:51 GMT" time="9.009" errors="0">
  <testcase name="googleCheeseExample1" time="5.066" classname="com.cleartrip.BasicTestWD"/>
  <testcase name="googleCurdExample" time="5.533" classname="com.cleartrip.BasicTestWD"/>
  <testcase name="googleCheeseExample" time="5.552" classname="com.cleartrip.BasicTestWD"/>
  <testcase name="googleCurdExample1" time="1.507" classname="com.cleartrip.BasicTestWD"/>
  <testcase name="googleDrinkExample1" time="1.135" classname="com.cleartrip.BasicTestWD"/>
  <testcase name="googleDrinkExample" time="1.42" classname="com.cleartrip.BasicTestWD"/>
  <testcase name="googleMilkExample1" time="1.129" classname="com.cleartrip.BasicTestWD"/>
  <testcase name="googleMilkExample" time="1.452" classname="com.cleartrip.BasicTestWD"/>
  <testcase name="googleSandExample" time="1.088" classname="com.cleartrip.BasicTestWD"/>
  <testcase name="googleSandExample1" time="1.159" classname="com.cleartrip.BasicTestWD"/>
</testsuite> <!-- Surefire test -->
