<?xml version="1.0" encoding="UTF-8"?>
<testng-results skipped="0" failed="0" ignored="0" total="1" passed="1">
  <reporter-output>
  </reporter-output>
  <suite name="Default suite" duration-ms="9289" started-at="2017-01-08T18:56:59Z" finished-at="2017-01-08T18:57:08Z">
    <groups>
    </groups>
    <test name="Default test" duration-ms="9289" started-at="2017-01-08T18:56:59Z" finished-at="2017-01-08T18:57:08Z">
      <class name="com.cleartrip.config.BasicTestWD1">
        <test-method status="PASS" signature="googleCheeseExample()[pri:0, instance:com.cleartrip.config.BasicTestWD1@4b9e13df]" name="googleCheeseExample" duration-ms="9270" started-at="2017-01-09T00:26:59Z" finished-at="2017-01-09T00:27:08Z">
          <reporter-output>
          </reporter-output>
        </test-method> <!-- googleCheeseExample -->
      </class> <!-- com.cleartrip.config.BasicTestWD1 -->
    </test> <!-- Default test -->
  </suite> <!-- Default suite -->
</testng-results>
