<?xml version="1.0" encoding="UTF-8"?>
<testsuite xmlns:xsi="http://www.w3.org/2001/XMLSchema-instance" xsi:schemaLocation="https://maven.apache.org/surefire/maven-surefire-plugin/xsd/surefire-test-report.xsd" name="com.cleartrip.BasicTestWD" time="12.155" tests="10" errors="0" skipped="0" failures="0">
  <properties>
[...]
</properties>
  <testcase name="googleCheeseExample1" classname="com.cleartrip.BasicTestWD" time="5.069"/>
  <testcase name="googleCurdExample" classname="com.cleartrip.BasicTestWD" time="0.462"/>
  <testcase name="googleCheeseExample" classname="com.cleartrip.BasicTestWD" time="0.013"/>
  <testcase name="googleCurdExample1" classname="com.cleartrip.BasicTestWD" time="1.027"/>
  <testcase name="googleDrinkExample1" classname="com.cleartrip.BasicTestWD" time="0.103"/>
  <testcase name="googleDrinkExample" classname="com.cleartrip.BasicTestWD" time="0.27"/>
  <testcase name="googleMilkExample1" classname="com.cleartrip.BasicTestWD" time="0.859"/>
  <testcase name="googleMilkExample" classname="com.cleartrip.BasicTestWD" time="0.213"/>
  <testcase name="googleSandExample" classname="com.cleartrip.BasicTestWD" time="0.222"/>
  <testcase name="googleSandExample1" classname="com.cleartrip.BasicTestWD" time="1.159"/>
</testsuite>